# JRE version: OpenJDK Runtime Environment Zulu11.74+15-CA (11.0.24+8) (build 11.0.24+8-LTS)
# Java VM: OpenJDK 64-Bit Server VM Zulu11.74+15-CA (11.0.24+8-LTS, mixed mode, tiered, compressed oops, g1 gc, linux-amd64)
Heap:
 garbage-first heap   total 159744K, used 26098K [0x00000000c2c00000, 0x0000000100000000)
  region size 1024K, 7 young (7168K), 1 survivors (1024K)
 Metaspace       used 29630K, capacity 30440K, committed 30720K, reserved 1077248K
  class space    used 3013K, capacity 3253K, committed 3328K, reserved 1048576K
GC Heap History (20 events):
Event: 172.626 GC heap before
{Heap before GC invocations=21 (full 0):
 garbage-first heap   total 110592K, used 27304K [0x00000000c2c00000, 0x0000000100000000)
  region size 1024K, 14 young (14336K), 2 survivors (2048K)
 Metaspace       used 23983K, capacity 24434K, committed 24704K, reserved 1071104K
  class space    used 2481K, capacity 2655K, committed 2688K, reserved 1048576K
}
Event: 172.647 GC heap after
{Heap after GC invocations=22 (full 0):
 garbage-first heap   total 110592K, used 15825K [0x00000000c2c00000, 0x0000000100000000)
  region size 1024K, 2 young (2048K), 2 survivors (2048K)
 Metaspace       used 23983K, capacity 24434K, committed 24704K, reserved 1071104K
  class space    used 2481K, capacity 2655K, committed 2688K, reserved 1048576K
}
Event: 182.326 GC heap before
{Heap before GC invocations=22 (full 0):
 garbage-first heap   total 110592K, used 31185K [0x00000000c2c00000, 0x0000000100000000)
  region size 1024K, 17 young (17408K), 2 survivors (2048K)
 Metaspace       used 24418K, capacity 24915K, committed 25088K, reserved 1071104K
  class space    used 2529K, capacity 2729K, committed 2816K, reserved 1048576K
}
Event: 182.785 GC heap after
{Heap after GC invocations=23 (full 0):
 garbage-first heap   total 110592K, used 16633K [0x00000000c2c00000, 0x0000000100000000)
  region size 1024K, 3 young (3072K), 3 survivors (3072K)
 Metaspace       used 24418K, capacity 24915K, committed 25088K, reserved 1071104K
  class space    used 2529K, capacity 2729K, committed 2816K, reserved 1048576K
}
Event: 189.318 GC heap before
{Heap before GC invocations=23 (full 0):
 garbage-first heap   total 110592K, used 26873K [0x00000000c2c00000, 0x0000000100000000)
  region size 1024K, 13 young (13312K), 3 survivors (3072K)
 Metaspace       used 24464K, capacity 24922K, committed 25088K, reserved 1071104K
  class space    used 2530K, capacity 2731K, committed 2816K, reserved 1048576K
}
Event: 189.604 GC heap after
{Heap after GC invocations=24 (full 0):
 garbage-first heap   total 110592K, used 16909K [0x00000000c2c00000, 0x0000000100000000)
  region size 1024K, 2 young (2048K), 2 survivors (2048K)
 Metaspace       used 24464K, capacity 24922K, committed 25088K, reserved 1071104K
  class space    used 2530K, capacity 2731K, committed 2816K, reserved 1048576K
}
Event: 196.894 GC heap before
{Heap before GC invocations=24 (full 0):
 garbage-first heap   total 110592K, used 26125K [0x00000000c2c00000, 0x0000000100000000)
  region size 1024K, 11 young (11264K), 2 survivors (2048K)
 Metaspace       used 24798K, capacity 25365K, committed 25600K, reserved 1073152K
  class space    used 2558K, capacity 2772K, committed 2816K, reserved 1048576K
}
Event: 197.198 GC heap after
{Heap after GC invocations=25 (full 0):
 garbage-first heap   total 159744K, used 17774K [0x00000000c2c00000, 0x0000000100000000)
  region size 1024K, 2 young (2048K), 2 survivors (2048K)
 Metaspace       used 24798K, capacity 25365K, committed 25600K, reserved 1073152K
  class space    used 2558K, capacity 2772K, committed 2816K, reserved 1048576K
}
Event: 202.071 GC heap before
{Heap before GC invocations=25 (full 0):
 garbage-first heap   total 159744K, used 25966K [0x00000000c2c00000, 0x0000000100000000)
  region size 1024K, 11 young (11264K), 2 survivors (2048K)
 Metaspace       used 24896K, capacity 25437K, committed 25600K, reserved 1073152K
  class space    used 2561K, capacity 2776K, committed 2816K, reserved 1048576K
}
Event: 202.294 GC heap after
{Heap after GC invocations=26 (full 0):
 garbage-first heap   total 159744K, used 18125K [0x00000000c2c00000, 0x0000000100000000)
  region size 1024K, 2 young (2048K), 2 survivors (2048K)
 Metaspace       used 24896K, capacity 25437K, committed 25600K, reserved 1073152K
  class space    used 2561K, capacity 2776K, committed 2816K, reserved 1048576K
}
Event: 208.405 GC heap before
{Heap before GC invocations=26 (full 0):
 garbage-first heap   total 159744K, used 27341K [0x00000000c2c00000, 0x0000000100000000)
  region size 1024K, 12 young (12288K), 2 survivors (2048K)
 Metaspace       used 26577K, capacity 27105K, committed 27264K, reserved 1073152K
  class space    used 2694K, capacity 2908K, committed 2944K, reserved 1048576K
}
Event: 208.509 GC heap after
{Heap after GC invocations=27 (full 0):
 garbage-first heap   total 159744K, used 19017K [0x00000000c2c00000, 0x0000000100000000)
  region size 1024K, 2 young (2048K), 2 survivors (2048K)
 Metaspace       used 26577K, capacity 27105K, committed 27264K, reserved 1073152K
  class space    used 2694K, capacity 2908K, committed 2944K, reserved 1048576K
}
Event: 216.603 GC heap before
{Heap before GC invocations=27 (full 0):
 garbage-first heap   total 159744K, used 28233K [0x00000000c2c00000, 0x0000000100000000)
  region size 1024K, 12 young (12288K), 2 survivors (2048K)
 Metaspace       used 28185K, capacity 28815K, committed 29056K, reserved 1075200K
  class space    used 2900K, capacity 3134K, committed 3200K, reserved 1048576K
}
Event: 216.673 GC heap after
{Heap after GC invocations=28 (full 0):
 garbage-first heap   total 159744K, used 19481K [0x00000000c2c00000, 0x0000000100000000)
  region size 1024K, 2 young (2048K), 2 survivors (2048K)
 Metaspace       used 28185K, capacity 28815K, committed 29056K, reserved 1075200K
  class space    used 2900K, capacity 3134K, committed 3200K, reserved 1048576K
}
Event: 227.929 GC heap before
{Heap before GC invocations=28 (full 0):
 garbage-first heap   total 159744K, used 32793K [0x00000000c2c00000, 0x0000000100000000)
  region size 1024K, 15 young (15360K), 2 survivors (2048K)
 Metaspace       used 28972K, capacity 29692K, committed 29952K, reserved 1075200K
  class space    used 2964K, capacity 3213K, committed 3328K, reserved 1048576K
}
Event: 228.119 GC heap after
{Heap after GC invocations=29 (full 0):
 garbage-first heap   total 159744K, used 19973K [0x00000000c2c00000, 0x0000000100000000)
  region size 1024K, 1 young (1024K), 1 survivors (1024K)
 Metaspace       used 28972K, capacity 29692K, committed 29952K, reserved 1075200K
  class space    used 2964K, capacity 3213K, committed 3328K, reserved 1048576K
}
Event: 238.879 GC heap before
{Heap before GC invocations=29 (full 0):
 garbage-first heap   total 159744K, used 32261K [0x00000000c2c00000, 0x0000000100000000)
  region size 1024K, 13 young (13312K), 1 survivors (1024K)
 Metaspace       used 29528K, capacity 30312K, committed 30464K, reserved 1077248K
  class space    used 3012K, capacity 3253K, committed 3328K, reserved 1048576K
}
Event: 239.106 GC heap after
{Heap after GC invocations=30 (full 0):
 garbage-first heap   total 159744K, used 20552K [0x00000000c2c00000, 0x0000000100000000)
  region size 1024K, 2 young (2048K), 2 survivors (2048K)
 Metaspace       used 29528K, capacity 30312K, committed 30464K, reserved 1077248K
  class space    used 3012K, capacity 3253K, committed 3328K, reserved 1048576K
}
Event: 243.840 GC heap before
{Heap before GC invocations=30 (full 0):
 garbage-first heap   total 159744K, used 31816K [0x00000000c2c00000, 0x0000000100000000)
  region size 1024K, 14 young (14336K), 2 survivors (2048K)
 Metaspace       used 29599K, capacity 30376K, committed 30464K, reserved 1077248K
  class space    used 3013K, capacity 3253K, committed 3328K, reserved 1048576K
}
Event: 243.956 GC heap after
{Heap after GC invocations=31 (full 0):
 garbage-first heap   total 159744K, used 20978K [0x00000000c2c00000, 0x0000000100000000)
  region size 1024K, 1 young (1024K), 1 survivors (1024K)
 Metaspace       used 29599K, capacity 30376K, committed 30464K, reserved 1077248K
  class space    used 3013K, capacity 3253K, committed 3328K, reserved 1048576K
}

