# JRE version: OpenJDK Runtime Environment Zulu11.74+15-CA (11.0.24+8) (build 11.0.24+8-LTS)
# Java VM: OpenJDK 64-Bit Server VM Zulu11.74+15-CA (11.0.24+8-LTS, mixed mode, tiered, compressed oops, g1 gc, linux-amd64)
Heap:
 garbage-first heap   total 118784K, used 84531K [0x00000000c2c00000, 0x0000000100000000)
  region size 1024K, 29 young (29696K), 6 survivors (6144K)
 Metaspace       used 64996K, capacity 67266K, committed 67584K, reserved 1107968K
  class space    used 7460K, capacity 8335K, committed 8448K, reserved 1048576K
GC Heap History (20 events):
Event: 21.445 GC heap before
{Heap before GC invocations=8 (full 0):
 garbage-first heap   total 76800K, used 47615K [0x00000000c2c00000, 0x0000000100000000)
  region size 1024K, 38 young (38912K), 5 survivors (5120K)
 Metaspace       used 24502K, capacity 24970K, committed 25088K, reserved 1071104K
  class space    used 2529K, capacity 2728K, committed 2816K, reserved 1048576K
}
Event: 21.515 GC heap after
{Heap after GC invocations=9 (full 0):
 garbage-first heap   total 76800K, used 15720K [0x00000000c2c00000, 0x0000000100000000)
  region size 1024K, 5 young (5120K), 5 survivors (5120K)
 Metaspace       used 24502K, capacity 24970K, committed 25088K, reserved 1071104K
  class space    used 2529K, capacity 2728K, committed 2816K, reserved 1048576K
}
Event: 23.130 GC heap before
{Heap before GC invocations=9 (full 0):
 garbage-first heap   total 76800K, used 49512K [0x00000000c2c00000, 0x0000000100000000)
  region size 1024K, 38 young (38912K), 5 survivors (5120K)
 Metaspace       used 26549K, capacity 27157K, committed 27264K, reserved 1073152K
  class space    used 2684K, capacity 2906K, committed 2944K, reserved 1048576K
}
Event: 23.196 GC heap after
{Heap after GC invocations=10 (full 0):
 garbage-first heap   total 76800K, used 17601K [0x00000000c2c00000, 0x0000000100000000)
  region size 1024K, 4 young (4096K), 4 survivors (4096K)
 Metaspace       used 26549K, capacity 27157K, committed 27264K, reserved 1073152K
  class space    used 2684K, capacity 2906K, committed 2944K, reserved 1048576K
}
Event: 25.168 GC heap before
{Heap before GC invocations=10 (full 0):
 garbage-first heap   total 76800K, used 52417K [0x00000000c2c00000, 0x0000000100000000)
  region size 1024K, 38 young (38912K), 4 survivors (4096K)
 Metaspace       used 29408K, capacity 30172K, committed 30464K, reserved 1077248K
  class space    used 2995K, capacity 3251K, committed 3328K, reserved 1048576K
}
Event: 25.210 GC heap after
{Heap after GC invocations=11 (full 0):
 garbage-first heap   total 94208K, used 19136K [0x00000000c2c00000, 0x0000000100000000)
  region size 1024K, 4 young (4096K), 4 survivors (4096K)
 Metaspace       used 29408K, capacity 30172K, committed 30464K, reserved 1077248K
  class space    used 2995K, capacity 3251K, committed 3328K, reserved 1048576K
}
Event: 28.798 GC heap before
{Heap before GC invocations=11 (full 0):
 garbage-first heap   total 94208K, used 58048K [0x00000000c2c00000, 0x0000000100000000)
  region size 1024K, 41 young (41984K), 4 survivors (4096K)
 Metaspace       used 34990K, capacity 35756K, committed 35840K, reserved 1081344K
  class space    used 3644K, capacity 3924K, committed 3968K, reserved 1048576K
}
Event: 28.862 GC heap after
{Heap after GC invocations=12 (full 0):
 garbage-first heap   total 94208K, used 24924K [0x00000000c2c00000, 0x0000000100000000)
  region size 1024K, 5 young (5120K), 5 survivors (5120K)
 Metaspace       used 34990K, capacity 35756K, committed 35840K, reserved 1081344K
  class space    used 3644K, capacity 3924K, committed 3968K, reserved 1048576K
}
Event: 31.893 GC heap before
{Heap before GC invocations=13 (full 0):
 garbage-first heap   total 94208K, used 63836K [0x00000000c2c00000, 0x0000000100000000)
  region size 1024K, 43 young (44032K), 5 survivors (5120K)
 Metaspace       used 41425K, capacity 42360K, committed 42496K, reserved 1087488K
  class space    used 4486K, capacity 4805K, committed 4864K, reserved 1048576K
}
Event: 31.982 GC heap after
{Heap after GC invocations=14 (full 0):
 garbage-first heap   total 94208K, used 31487K [0x00000000c2c00000, 0x0000000100000000)
  region size 1024K, 6 young (6144K), 6 survivors (6144K)
 Metaspace       used 41425K, capacity 42360K, committed 42496K, reserved 1087488K
  class space    used 4486K, capacity 4805K, committed 4864K, reserved 1048576K
}
Event: 35.865 GC heap before
{Heap before GC invocations=15 (full 0):
 garbage-first heap   total 94208K, used 67327K [0x00000000c2c00000, 0x0000000100000000)
  region size 1024K, 41 young (41984K), 6 survivors (6144K)
 Metaspace       used 46552K, capacity 47729K, committed 47872K, reserved 1091584K
  class space    used 5067K, capacity 5510K, committed 5632K, reserved 1048576K
}
Event: 35.954 GC heap after
{Heap after GC invocations=16 (full 0):
 garbage-first heap   total 94208K, used 37370K [0x00000000c2c00000, 0x0000000100000000)
  region size 1024K, 6 young (6144K), 6 survivors (6144K)
 Metaspace       used 46552K, capacity 47729K, committed 47872K, reserved 1091584K
  class space    used 5067K, capacity 5510K, committed 5632K, reserved 1048576K
}
Event: 40.120 GC heap before
{Heap before GC invocations=16 (full 0):
 garbage-first heap   total 94208K, used 71162K [0x00000000c2c00000, 0x0000000100000000)
  region size 1024K, 38 young (38912K), 6 survivors (6144K)
 Metaspace       used 49774K, capacity 51191K, committed 51328K, reserved 1095680K
  class space    used 5488K, capacity 5996K, committed 6016K, reserved 1048576K
}
Event: 40.215 GC heap after
{Heap after GC invocations=17 (full 0):
 garbage-first heap   total 118784K, used 41964K [0x00000000c2c00000, 0x0000000100000000)
  region size 1024K, 4 young (4096K), 4 survivors (4096K)
 Metaspace       used 49774K, capacity 51191K, committed 51328K, reserved 1095680K
  class space    used 5488K, capacity 5996K, committed 6016K, reserved 1048576K
}
Event: 44.514 GC heap before
{Heap before GC invocations=17 (full 0):
 garbage-first heap   total 118784K, used 83948K [0x00000000c2c00000, 0x0000000100000000)
  region size 1024K, 44 young (45056K), 4 survivors (4096K)
 Metaspace       used 54062K, capacity 55607K, committed 55808K, reserved 1097728K
  class space    used 6074K, capacity 6655K, committed 6656K, reserved 1048576K
}
Event: 44.592 GC heap after
{Heap after GC invocations=18 (full 0):
 garbage-first heap   total 118784K, used 49797K [0x00000000c2c00000, 0x0000000100000000)
  region size 1024K, 6 young (6144K), 6 survivors (6144K)
 Metaspace       used 54062K, capacity 55607K, committed 55808K, reserved 1097728K
  class space    used 6074K, capacity 6655K, committed 6656K, reserved 1048576K
}
Event: 47.915 GC heap before
{Heap before GC invocations=18 (full 0):
 garbage-first heap   total 118784K, used 86661K [0x00000000c2c00000, 0x0000000100000000)
  region size 1024K, 42 young (43008K), 6 survivors (6144K)
 Metaspace       used 58152K, capacity 59947K, committed 60160K, reserved 1101824K
  class space    used 6635K, capacity 7330K, committed 7424K, reserved 1048576K
}
Event: 47.990 GC heap after
{Heap after GC invocations=19 (full 0):
 garbage-first heap   total 118784K, used 52061K [0x00000000c2c00000, 0x0000000100000000)
  region size 1024K, 5 young (5120K), 5 survivors (5120K)
 Metaspace       used 58152K, capacity 59947K, committed 60160K, reserved 1101824K
  class space    used 6635K, capacity 7330K, committed 7424K, reserved 1048576K
}
Event: 85.425 GC heap before
{Heap before GC invocations=19 (full 0):
 garbage-first heap   total 118784K, used 88925K [0x00000000c2c00000, 0x0000000100000000)
  region size 1024K, 41 young (41984K), 5 survivors (5120K)
 Metaspace       used 62468K, capacity 64461K, committed 64768K, reserved 1105920K
  class space    used 7092K, capacity 7882K, committed 7936K, reserved 1048576K
}
Event: 85.556 GC heap after
{Heap after GC invocations=20 (full 0):
 garbage-first heap   total 118784K, used 62003K [0x00000000c2c00000, 0x0000000100000000)
  region size 1024K, 6 young (6144K), 6 survivors (6144K)
 Metaspace       used 62468K, capacity 64461K, committed 64768K, reserved 1105920K
  class space    used 7092K, capacity 7882K, committed 7936K, reserved 1048576K
}

